{"/Users/adam.aho/personal/kingsbury/src/index.ts": {"path":"/Users/adam.aho/personal/kingsbury/src/index.ts","statementMap":{},"fnMap":{},"branchMap":{},"s":{},"f":{},"b":{},"hash":"aae28061e258aeb2d4debaa1198095c0413066fc"}
,"/Users/adam.aho/personal/kingsbury/src/components/index.ts": {"path":"/Users/adam.aho/personal/kingsbury/src/components/index.ts","statementMap":{},"fnMap":{},"branchMap":{},"s":{},"f":{},"b":{},"_coverageSchema":"43e27e138ebf9cfc5966b082cf9a028302ed4184","hash":"b4c16a5580b6a552c70eee454a3d7a8952818fa6"}
,"/Users/adam.aho/personal/kingsbury/src/components/accordion/Accordion.tsx": {"path":"/Users/adam.aho/personal/kingsbury/src/components/accordion/Accordion.tsx","statementMap":{"0":{"start":{"line":52,"column":18},"end":{"line":52,"column":30}},"1":{"start":{"line":54,"column":69},"end":{"line":103,"column":1}},"2":{"start":{"line":63,"column":44},"end":{"line":63,"column":105}},"3":{"start":{"line":66,"column":4},"end":{"line":68,"column":12}},"4":{"start":{"line":72,"column":4},"end":{"line":74,"column":32}},"5":{"start":{"line":73,"column":47},"end":{"line":73,"column":56}},"6":{"start":{"line":78,"column":21},"end":{"line":78,"column":67}},"7":{"start":{"line":79,"column":4},"end":{"line":79,"column":31}},"8":{"start":{"line":83,"column":2},"end":{"line":87,"column":22}},"9":{"start":{"line":84,"column":4},"end":{"line":86,"column":5}},"10":{"start":{"line":85,"column":6},"end":{"line":85,"column":30}},"11":{"start":{"line":89,"column":2},"end":{"line":102,"column":4}},"12":{"start":{"line":105,"column":0},"end":{"line":113,"column":2}},"13":{"start":{"line":115,"column":0},"end":{"line":115,"column":31}}},"fnMap":{"0":{"name":"(anonymous_0)","decl":{"start":{"line":54,"column":69},"end":{"line":54,"column":70}},"loc":{"start":{"line":62,"column":6},"end":{"line":103,"column":1}},"line":62},"1":{"name":"getClassicItems","decl":{"start":{"line":65,"column":11},"end":{"line":65,"column":26}},"loc":{"start":{"line":65,"column":45},"end":{"line":69,"column":3}},"line":65},"2":{"name":"getItems","decl":{"start":{"line":71,"column":11},"end":{"line":71,"column":19}},"loc":{"start":{"line":71,"column":38},"end":{"line":75,"column":3}},"line":71},"3":{"name":"(anonymous_3)","decl":{"start":{"line":73,"column":27},"end":{"line":73,"column":28}},"loc":{"start":{"line":73,"column":47},"end":{"line":73,"column":56}},"line":73},"4":{"name":"onCollapseChange","decl":{"start":{"line":77,"column":11},"end":{"line":77,"column":27}},"loc":{"start":{"line":77,"column":52},"end":{"line":80,"column":3}},"line":77},"5":{"name":"(anonymous_5)","decl":{"start":{"line":83,"column":22},"end":{"line":83,"column":23}},"loc":{"start":{"line":83,"column":28},"end":{"line":87,"column":3}},"line":83}},"branchMap":{"0":{"loc":{"start":{"line":63,"column":78},"end":{"line":63,"column":104}},"type":"binary-expr","locations":[{"start":{"line":63,"column":78},"end":{"line":63,"column":98}},{"start":{"line":63,"column":102},"end":{"line":63,"column":104}}],"line":63},"1":{"loc":{"start":{"line":66,"column":11},"end":{"line":68,"column":11}},"type":"cond-expr","locations":[{"start":{"line":67,"column":6},"end":{"line":67,"column":8}},{"start":{"line":68,"column":6},"end":{"line":68,"column":11}}],"line":66},"2":{"loc":{"start":{"line":72,"column":11},"end":{"line":74,"column":31}},"type":"cond-expr","locations":[{"start":{"line":73,"column":6},"end":{"line":73,"column":57}},{"start":{"line":74,"column":6},"end":{"line":74,"column":31}}],"line":72},"3":{"loc":{"start":{"line":78,"column":21},"end":{"line":78,"column":67}},"type":"cond-expr","locations":[{"start":{"line":78,"column":31},"end":{"line":78,"column":51}},{"start":{"line":78,"column":54},"end":{"line":78,"column":67}}],"line":78},"4":{"loc":{"start":{"line":84,"column":4},"end":{"line":86,"column":5}},"type":"if","locations":[{"start":{"line":84,"column":4},"end":{"line":86,"column":5}},{"start":{"line":84,"column":4},"end":{"line":86,"column":5}}],"line":84}},"s":{"0":2,"1":2,"2":9,"3":2,"4":3,"5":2,"6":5,"7":5,"8":9,"9":5,"10":5,"11":9,"12":2,"13":2},"f":{"0":9,"1":2,"2":3,"3":2,"4":5,"5":5},"b":{"0":[9,0],"1":[0,2],"2":[1,2],"3":[2,3],"4":[5,0]},"_coverageSchema":"43e27e138ebf9cfc5966b082cf9a028302ed4184","hash":"14128e8254575d4c869bd9a84cd71391f4bf75cc"}
,"/Users/adam.aho/personal/kingsbury/src/components/accordion/AccordionItem.tsx": {"path":"/Users/adam.aho/personal/kingsbury/src/components/accordion/AccordionItem.tsx","statementMap":{"0":{"start":{"line":21,"column":23},"end":{"line":23,"column":1}},"1":{"start":{"line":22,"column":23},"end":{"line":22,"column":43}},"2":{"start":{"line":26,"column":74},"end":{"line":46,"column":1}},"3":{"start":{"line":27,"column":2},"end":{"line":45,"column":30}},"4":{"start":{"line":31,"column":10},"end":{"line":31,"column":15}},"5":{"start":{"line":33,"column":6},"end":{"line":43,"column":8}}},"fnMap":{"0":{"name":"(anonymous_0)","decl":{"start":{"line":22,"column":12},"end":{"line":22,"column":13}},"loc":{"start":{"line":22,"column":23},"end":{"line":22,"column":43}},"line":22},"1":{"name":"(anonymous_1)","decl":{"start":{"line":26,"column":74},"end":{"line":26,"column":75}},"loc":{"start":{"line":27,"column":2},"end":{"line":45,"column":30}},"line":27},"2":{"name":"(anonymous_2)","decl":{"start":{"line":28,"column":5},"end":{"line":28,"column":6}},"loc":{"start":{"line":28,"column":16},"end":{"line":44,"column":5}},"line":28}},"branchMap":{},"s":{"0":2,"1":27,"2":2,"3":12,"4":27,"5":27},"f":{"0":27,"1":12,"2":27},"b":{},"_coverageSchema":"43e27e138ebf9cfc5966b082cf9a028302ed4184","hash":"a8c35ac9c649caac5e38a8149e0f7cbbda56245f"}
,"/Users/adam.aho/personal/kingsbury/src/components/accordion/context.ts": {"path":"/Users/adam.aho/personal/kingsbury/src/components/accordion/context.ts","statementMap":{"0":{"start":{"line":17,"column":32},"end":{"line":20,"column":2}}},"fnMap":{},"branchMap":{},"s":{"0":2},"f":{},"b":{},"_coverageSchema":"43e27e138ebf9cfc5966b082cf9a028302ed4184","hash":"ff37674d727a939eff3775e78b29ced3f94b43ef"}
,"/Users/adam.aho/personal/kingsbury/src/components/accordion/types.ts": {"path":"/Users/adam.aho/personal/kingsbury/src/components/accordion/types.ts","statementMap":{},"fnMap":{},"branchMap":{},"s":{},"f":{},"b":{},"hash":"3310d76432488db178581ba4395368f603cad056"}
,"/Users/adam.aho/personal/kingsbury/src/components/avatar/Avatar.tsx": {"path":"/Users/adam.aho/personal/kingsbury/src/components/avatar/Avatar.tsx","statementMap":{"0":{"start":{"line":12,"column":18},"end":{"line":22,"column":1}},"1":{"start":{"line":24,"column":60},"end":{"line":35,"column":1}},"2":{"start":{"line":28,"column":6},"end":{"line":28,"column":11}},"3":{"start":{"line":30,"column":2},"end":{"line":34,"column":4}},"4":{"start":{"line":37,"column":0},"end":{"line":39,"column":2}}},"fnMap":{"0":{"name":"(anonymous_0)","decl":{"start":{"line":24,"column":60},"end":{"line":24,"column":61}},"loc":{"start":{"line":24,"column":71},"end":{"line":35,"column":1}},"line":24}},"branchMap":{},"s":{"0":3,"1":3,"2":1,"3":1,"4":3},"f":{"0":1},"b":{},"_coverageSchema":"43e27e138ebf9cfc5966b082cf9a028302ed4184","hash":"eeab967c6a6d9c6dee164ad97d8646302300a1bc"}
,"/Users/adam.aho/personal/kingsbury/src/components/button/Button.tsx": {"path":"/Users/adam.aho/personal/kingsbury/src/components/button/Button.tsx","statementMap":{"0":{"start":{"line":34,"column":26},"end":{"line":34,"column":35}},"1":{"start":{"line":36,"column":26},"end":{"line":36,"column":57}},"2":{"start":{"line":38,"column":21},"end":{"line":83,"column":1}},"3":{"start":{"line":40,"column":4},"end":{"line":42,"column":63}},"4":{"start":{"line":46,"column":4},"end":{"line":48,"column":5}},"5":{"start":{"line":47,"column":6},"end":{"line":47,"column":38}},"6":{"start":{"line":49,"column":4},"end":{"line":49,"column":36}},"7":{"start":{"line":52,"column":23},"end":{"line":52,"column":53}},"8":{"start":{"line":59,"column":23},"end":{"line":59,"column":48}},"9":{"start":{"line":60,"column":30},"end":{"line":60,"column":61}},"10":{"start":{"line":62,"column":24},"end":{"line":62,"column":50}},"11":{"start":{"line":65,"column":4},"end":{"line":65,"column":46}},"12":{"start":{"line":68,"column":27},"end":{"line":68,"column":59}},"13":{"start":{"line":70,"column":15},"end":{"line":74,"column":3}},"14":{"start":{"line":85,"column":60},"end":{"line":100,"column":2}},"15":{"start":{"line":89,"column":6},"end":{"line":89,"column":11}},"16":{"start":{"line":91,"column":2},"end":{"line":99,"column":4}},"17":{"start":{"line":102,"column":0},"end":{"line":109,"column":2}}},"fnMap":{"0":{"name":"(anonymous_0)","decl":{"start":{"line":39,"column":16},"end":{"line":39,"column":17}},"loc":{"start":{"line":40,"column":4},"end":{"line":42,"column":63}},"line":40},"1":{"name":"(anonymous_1)","decl":{"start":{"line":45,"column":11},"end":{"line":45,"column":12}},"loc":{"start":{"line":45,"column":22},"end":{"line":50,"column":3}},"line":45},"2":{"name":"(anonymous_2)","decl":{"start":{"line":52,"column":12},"end":{"line":52,"column":13}},"loc":{"start":{"line":52,"column":23},"end":{"line":52,"column":53}},"line":52},"3":{"name":"(anonymous_3)","decl":{"start":{"line":59,"column":12},"end":{"line":59,"column":13}},"loc":{"start":{"line":59,"column":23},"end":{"line":59,"column":48}},"line":59},"4":{"name":"(anonymous_4)","decl":{"start":{"line":60,"column":19},"end":{"line":60,"column":20}},"loc":{"start":{"line":60,"column":30},"end":{"line":60,"column":61}},"line":60},"5":{"name":"(anonymous_5)","decl":{"start":{"line":62,"column":13},"end":{"line":62,"column":14}},"loc":{"start":{"line":62,"column":24},"end":{"line":62,"column":50}},"line":62},"6":{"name":"(anonymous_6)","decl":{"start":{"line":64,"column":12},"end":{"line":64,"column":13}},"loc":{"start":{"line":65,"column":4},"end":{"line":65,"column":46}},"line":65},"7":{"name":"(anonymous_7)","decl":{"start":{"line":68,"column":16},"end":{"line":68,"column":17}},"loc":{"start":{"line":68,"column":27},"end":{"line":68,"column":59}},"line":68},"8":{"name":"(anonymous_8)","decl":{"start":{"line":70,"column":4},"end":{"line":70,"column":5}},"loc":{"start":{"line":70,"column":15},"end":{"line":74,"column":3}},"line":70},"9":{"name":"(anonymous_9)","decl":{"start":{"line":85,"column":109},"end":{"line":85,"column":110}},"loc":{"start":{"line":85,"column":125},"end":{"line":100,"column":1}},"line":85}},"branchMap":{"0":{"loc":{"start":{"line":40,"column":4},"end":{"line":42,"column":63}},"type":"cond-expr","locations":[{"start":{"line":41,"column":6},"end":{"line":41,"column":33}},{"start":{"line":42,"column":6},"end":{"line":42,"column":63}}],"line":40},"1":{"loc":{"start":{"line":42,"column":25},"end":{"line":42,"column":62}},"type":"binary-expr","locations":[{"start":{"line":42,"column":25},"end":{"line":42,"column":41}},{"start":{"line":42,"column":45},"end":{"line":42,"column":62}}],"line":42},"2":{"loc":{"start":{"line":46,"column":4},"end":{"line":48,"column":5}},"type":"if","locations":[{"start":{"line":46,"column":4},"end":{"line":48,"column":5}},{"start":{"line":46,"column":4},"end":{"line":48,"column":5}}],"line":46},"3":{"loc":{"start":{"line":46,"column":30},"end":{"line":46,"column":67}},"type":"binary-expr","locations":[{"start":{"line":46,"column":30},"end":{"line":46,"column":46}},{"start":{"line":46,"column":50},"end":{"line":46,"column":67}}],"line":46},"4":{"loc":{"start":{"line":65,"column":4},"end":{"line":65,"column":46}},"type":"cond-expr","locations":[{"start":{"line":65,"column":21},"end":{"line":65,"column":34}},{"start":{"line":65,"column":37},"end":{"line":65,"column":46}}],"line":65},"5":{"loc":{"start":{"line":70,"column":15},"end":{"line":74,"column":3}},"type":"binary-expr","locations":[{"start":{"line":70,"column":15},"end":{"line":70,"column":30}},{"start":{"line":70,"column":34},"end":{"line":74,"column":3}}],"line":70}},"s":{"0":3,"1":3,"2":3,"3":6,"4":6,"5":1,"6":5,"7":6,"8":6,"9":6,"10":6,"11":6,"12":6,"13":6,"14":3,"15":6,"16":6,"17":3},"f":{"0":6,"1":6,"2":6,"3":6,"4":6,"5":6,"6":6,"7":6,"8":6,"9":6},"b":{"0":[2,4],"1":[4,0],"2":[1,5],"3":[6,0],"4":[2,4],"5":[6,4]},"_coverageSchema":"43e27e138ebf9cfc5966b082cf9a028302ed4184","hash":"e2b79334db6f25e80df1bcc2fa2332b6419734b5"}
,"/Users/adam.aho/personal/kingsbury/src/components/card/Card.tsx": {"path":"/Users/adam.aho/personal/kingsbury/src/components/card/Card.tsx","statementMap":{"0":{"start":{"line":40,"column":18},"end":{"line":62,"column":1}},"1":{"start":{"line":41,"column":23},"end":{"line":41,"column":46}},"2":{"start":{"line":42,"column":22},"end":{"line":42,"column":44}},"3":{"start":{"line":44,"column":27},"end":{"line":44,"column":54}},"4":{"start":{"line":45,"column":23},"end":{"line":45,"column":51}},"5":{"start":{"line":46,"column":27},"end":{"line":46,"column":53}},"6":{"start":{"line":47,"column":30},"end":{"line":47,"column":59}},"7":{"start":{"line":49,"column":25},"end":{"line":49,"column":48}},"8":{"start":{"line":51,"column":24},"end":{"line":51,"column":61}},"9":{"start":{"line":53,"column":27},"end":{"line":53,"column":59}},"10":{"start":{"line":55,"column":15},"end":{"line":61,"column":3}},"11":{"start":{"line":64,"column":54},"end":{"line":82,"column":1}},"12":{"start":{"line":70,"column":6},"end":{"line":70,"column":11}},"13":{"start":{"line":72,"column":2},"end":{"line":81,"column":3}},"14":{"start":{"line":84,"column":0},"end":{"line":84,"column":21}},"15":{"start":{"line":85,"column":0},"end":{"line":85,"column":21}},"16":{"start":{"line":87,"column":0},"end":{"line":92,"column":2}}},"fnMap":{"0":{"name":"(anonymous_0)","decl":{"start":{"line":41,"column":12},"end":{"line":41,"column":13}},"loc":{"start":{"line":41,"column":23},"end":{"line":41,"column":46}},"line":41},"1":{"name":"(anonymous_1)","decl":{"start":{"line":42,"column":11},"end":{"line":42,"column":12}},"loc":{"start":{"line":42,"column":22},"end":{"line":42,"column":44}},"line":42},"2":{"name":"(anonymous_2)","decl":{"start":{"line":44,"column":16},"end":{"line":44,"column":17}},"loc":{"start":{"line":44,"column":27},"end":{"line":44,"column":54}},"line":44},"3":{"name":"(anonymous_3)","decl":{"start":{"line":45,"column":12},"end":{"line":45,"column":13}},"loc":{"start":{"line":45,"column":23},"end":{"line":45,"column":51}},"line":45},"4":{"name":"(anonymous_4)","decl":{"start":{"line":46,"column":16},"end":{"line":46,"column":17}},"loc":{"start":{"line":46,"column":27},"end":{"line":46,"column":53}},"line":46},"5":{"name":"(anonymous_5)","decl":{"start":{"line":47,"column":19},"end":{"line":47,"column":20}},"loc":{"start":{"line":47,"column":30},"end":{"line":47,"column":59}},"line":47},"6":{"name":"(anonymous_6)","decl":{"start":{"line":49,"column":13},"end":{"line":49,"column":14}},"loc":{"start":{"line":49,"column":25},"end":{"line":49,"column":48}},"line":49},"7":{"name":"(anonymous_7)","decl":{"start":{"line":51,"column":12},"end":{"line":51,"column":13}},"loc":{"start":{"line":51,"column":24},"end":{"line":51,"column":61}},"line":51},"8":{"name":"(anonymous_8)","decl":{"start":{"line":53,"column":16},"end":{"line":53,"column":17}},"loc":{"start":{"line":53,"column":27},"end":{"line":53,"column":59}},"line":53},"9":{"name":"(anonymous_9)","decl":{"start":{"line":55,"column":4},"end":{"line":55,"column":5}},"loc":{"start":{"line":55,"column":15},"end":{"line":61,"column":3}},"line":55},"10":{"name":"(anonymous_10)","decl":{"start":{"line":64,"column":54},"end":{"line":64,"column":55}},"loc":{"start":{"line":64,"column":65},"end":{"line":82,"column":1}},"line":64}},"branchMap":{"0":{"loc":{"start":{"line":49,"column":25},"end":{"line":49,"column":48}},"type":"cond-expr","locations":[{"start":{"line":49,"column":41},"end":{"line":49,"column":44}},{"start":{"line":49,"column":47},"end":{"line":49,"column":48}}],"line":49},"1":{"loc":{"start":{"line":51,"column":24},"end":{"line":51,"column":61}},"type":"cond-expr","locations":[{"start":{"line":51,"column":40},"end":{"line":51,"column":49}},{"start":{"line":51,"column":52},"end":{"line":51,"column":61}}],"line":51},"2":{"loc":{"start":{"line":55,"column":15},"end":{"line":61,"column":3}},"type":"binary-expr","locations":[{"start":{"line":55,"column":15},"end":{"line":55,"column":28}},{"start":{"line":55,"column":32},"end":{"line":61,"column":3}}],"line":55}},"s":{"0":3,"1":3,"2":3,"3":3,"4":3,"5":3,"6":3,"7":3,"8":3,"9":3,"10":3,"11":3,"12":3,"13":3,"14":3,"15":3,"16":3},"f":{"0":3,"1":3,"2":3,"3":3,"4":3,"5":3,"6":3,"7":3,"8":3,"9":3,"10":3},"b":{"0":[1,2],"1":[1,2],"2":[3,1]},"_coverageSchema":"43e27e138ebf9cfc5966b082cf9a028302ed4184","hash":"4abb1e6dcf3e34da3acdeefdac6f2ead17b36910"}
,"/Users/adam.aho/personal/kingsbury/src/components/card/Footer.tsx": {"path":"/Users/adam.aho/personal/kingsbury/src/components/card/Footer.tsx","statementMap":{"0":{"start":{"line":19,"column":21},"end":{"line":26,"column":1}},"1":{"start":{"line":20,"column":27},"end":{"line":20,"column":60}},"2":{"start":{"line":21,"column":23},"end":{"line":21,"column":52}},"3":{"start":{"line":22,"column":27},"end":{"line":22,"column":59}},"4":{"start":{"line":23,"column":27},"end":{"line":23,"column":55}},"5":{"start":{"line":24,"column":42},"end":{"line":24,"column":71}},"6":{"start":{"line":25,"column":43},"end":{"line":25,"column":72}},"7":{"start":{"line":29,"column":60},"end":{"line":39,"column":1}},"8":{"start":{"line":32,"column":6},"end":{"line":32,"column":11}},"9":{"start":{"line":34,"column":2},"end":{"line":38,"column":4}},"10":{"start":{"line":41,"column":0},"end":{"line":45,"column":2}}},"fnMap":{"0":{"name":"(anonymous_0)","decl":{"start":{"line":20,"column":16},"end":{"line":20,"column":17}},"loc":{"start":{"line":20,"column":27},"end":{"line":20,"column":60}},"line":20},"1":{"name":"(anonymous_1)","decl":{"start":{"line":21,"column":12},"end":{"line":21,"column":13}},"loc":{"start":{"line":21,"column":23},"end":{"line":21,"column":52}},"line":21},"2":{"name":"(anonymous_2)","decl":{"start":{"line":22,"column":16},"end":{"line":22,"column":17}},"loc":{"start":{"line":22,"column":27},"end":{"line":22,"column":59}},"line":22},"3":{"name":"(anonymous_3)","decl":{"start":{"line":23,"column":16},"end":{"line":23,"column":17}},"loc":{"start":{"line":23,"column":27},"end":{"line":23,"column":55}},"line":23},"4":{"name":"(anonymous_4)","decl":{"start":{"line":24,"column":31},"end":{"line":24,"column":32}},"loc":{"start":{"line":24,"column":42},"end":{"line":24,"column":71}},"line":24},"5":{"name":"(anonymous_5)","decl":{"start":{"line":25,"column":32},"end":{"line":25,"column":33}},"loc":{"start":{"line":25,"column":43},"end":{"line":25,"column":72}},"line":25},"6":{"name":"(anonymous_6)","decl":{"start":{"line":29,"column":60},"end":{"line":29,"column":61}},"loc":{"start":{"line":29,"column":71},"end":{"line":39,"column":1}},"line":29}},"branchMap":{},"s":{"0":3,"1":2,"2":2,"3":2,"4":2,"5":2,"6":2,"7":3,"8":2,"9":2,"10":3},"f":{"0":2,"1":2,"2":2,"3":2,"4":2,"5":2,"6":2},"b":{},"_coverageSchema":"43e27e138ebf9cfc5966b082cf9a028302ed4184","hash":"6e623e51d206f000af25a63167dcf8712be1cce6"}
,"/Users/adam.aho/personal/kingsbury/src/components/card/Header.tsx": {"path":"/Users/adam.aho/personal/kingsbury/src/components/card/Header.tsx","statementMap":{"0":{"start":{"line":19,"column":21},"end":{"line":25,"column":1}},"1":{"start":{"line":20,"column":27},"end":{"line":20,"column":60}},"2":{"start":{"line":21,"column":30},"end":{"line":21,"column":58}},"3":{"start":{"line":22,"column":39},"end":{"line":22,"column":68}},"4":{"start":{"line":23,"column":40},"end":{"line":23,"column":69}},"5":{"start":{"line":24,"column":23},"end":{"line":24,"column":52}},"6":{"start":{"line":28,"column":60},"end":{"line":38,"column":1}},"7":{"start":{"line":31,"column":6},"end":{"line":31,"column":11}},"8":{"start":{"line":33,"column":2},"end":{"line":37,"column":4}},"9":{"start":{"line":40,"column":0},"end":{"line":44,"column":2}}},"fnMap":{"0":{"name":"(anonymous_0)","decl":{"start":{"line":20,"column":16},"end":{"line":20,"column":17}},"loc":{"start":{"line":20,"column":27},"end":{"line":20,"column":60}},"line":20},"1":{"name":"(anonymous_1)","decl":{"start":{"line":21,"column":19},"end":{"line":21,"column":20}},"loc":{"start":{"line":21,"column":30},"end":{"line":21,"column":58}},"line":21},"2":{"name":"(anonymous_2)","decl":{"start":{"line":22,"column":28},"end":{"line":22,"column":29}},"loc":{"start":{"line":22,"column":39},"end":{"line":22,"column":68}},"line":22},"3":{"name":"(anonymous_3)","decl":{"start":{"line":23,"column":29},"end":{"line":23,"column":30}},"loc":{"start":{"line":23,"column":40},"end":{"line":23,"column":69}},"line":23},"4":{"name":"(anonymous_4)","decl":{"start":{"line":24,"column":12},"end":{"line":24,"column":13}},"loc":{"start":{"line":24,"column":23},"end":{"line":24,"column":52}},"line":24},"5":{"name":"(anonymous_5)","decl":{"start":{"line":28,"column":60},"end":{"line":28,"column":61}},"loc":{"start":{"line":28,"column":71},"end":{"line":38,"column":1}},"line":28}},"branchMap":{},"s":{"0":3,"1":2,"2":2,"3":2,"4":2,"5":2,"6":3,"7":2,"8":2,"9":3},"f":{"0":2,"1":2,"2":2,"3":2,"4":2,"5":2},"b":{},"_coverageSchema":"43e27e138ebf9cfc5966b082cf9a028302ed4184","hash":"949be7142bee830a1bb5bc0ae8ec79dd7ad75b61"}
,"/Users/adam.aho/personal/kingsbury/src/components/collapse/Collapse.tsx": {"path":"/Users/adam.aho/personal/kingsbury/src/components/collapse/Collapse.tsx","statementMap":{"0":{"start":{"line":63,"column":18},"end":{"line":76,"column":1}},"1":{"start":{"line":68,"column":15},"end":{"line":70,"column":3}},"2":{"start":{"line":72,"column":15},"end":{"line":75,"column":3}},"3":{"start":{"line":78,"column":64},"end":{"line":139,"column":1}},"4":{"start":{"line":90,"column":32},"end":{"line":90,"column":61}},"5":{"start":{"line":93,"column":4},"end":{"line":102,"column":5}},"6":{"start":{"line":94,"column":6},"end":{"line":94,"column":27}},"7":{"start":{"line":96,"column":6},"end":{"line":98,"column":7}},"8":{"start":{"line":97,"column":8},"end":{"line":97,"column":26}},"9":{"start":{"line":100,"column":11},"end":{"line":102,"column":5}},"10":{"start":{"line":101,"column":6},"end":{"line":101,"column":24}},"11":{"start":{"line":105,"column":2},"end":{"line":107,"column":15}},"12":{"start":{"line":106,"column":4},"end":{"line":106,"column":22}},"13":{"start":{"line":109,"column":2},"end":{"line":138,"column":4}},"14":{"start":{"line":141,"column":0},"end":{"line":152,"column":2}}},"fnMap":{"0":{"name":"(anonymous_0)","decl":{"start":{"line":68,"column":4},"end":{"line":68,"column":5}},"loc":{"start":{"line":68,"column":15},"end":{"line":70,"column":3}},"line":68},"1":{"name":"(anonymous_1)","decl":{"start":{"line":72,"column":4},"end":{"line":72,"column":5}},"loc":{"start":{"line":72,"column":15},"end":{"line":75,"column":3}},"line":72},"2":{"name":"(anonymous_2)","decl":{"start":{"line":78,"column":64},"end":{"line":78,"column":65}},"loc":{"start":{"line":89,"column":6},"end":{"line":139,"column":1}},"line":89},"3":{"name":"onHeaderClick","decl":{"start":{"line":92,"column":11},"end":{"line":92,"column":24}},"loc":{"start":{"line":92,"column":27},"end":{"line":103,"column":3}},"line":92},"4":{"name":"(anonymous_4)","decl":{"start":{"line":105,"column":22},"end":{"line":105,"column":23}},"loc":{"start":{"line":105,"column":28},"end":{"line":107,"column":3}},"line":105}},"branchMap":{"0":{"loc":{"start":{"line":68,"column":15},"end":{"line":70,"column":3}},"type":"binary-expr","locations":[{"start":{"line":68,"column":15},"end":{"line":68,"column":26}},{"start":{"line":68,"column":30},"end":{"line":70,"column":3}}],"line":68},"1":{"loc":{"start":{"line":72,"column":15},"end":{"line":75,"column":3}},"type":"binary-expr","locations":[{"start":{"line":72,"column":15},"end":{"line":72,"column":45}},{"start":{"line":72,"column":49},"end":{"line":75,"column":3}}],"line":72},"2":{"loc":{"start":{"line":93,"column":4},"end":{"line":102,"column":5}},"type":"if","locations":[{"start":{"line":93,"column":4},"end":{"line":102,"column":5}},{"start":{"line":93,"column":4},"end":{"line":102,"column":5}}],"line":93},"3":{"loc":{"start":{"line":96,"column":6},"end":{"line":98,"column":7}},"type":"if","locations":[{"start":{"line":96,"column":6},"end":{"line":98,"column":7}},{"start":{"line":96,"column":6},"end":{"line":98,"column":7}}],"line":96},"4":{"loc":{"start":{"line":100,"column":11},"end":{"line":102,"column":5}},"type":"if","locations":[{"start":{"line":100,"column":11},"end":{"line":102,"column":5}},{"start":{"line":100,"column":11},"end":{"line":102,"column":5}}],"line":100},"5":{"loc":{"start":{"line":127,"column":17},"end":{"line":127,"column":45}},"type":"cond-expr","locations":[{"start":{"line":127,"column":28},"end":{"line":127,"column":34}},{"start":{"line":127,"column":37},"end":{"line":127,"column":45}}],"line":127}},"s":{"0":3,"1":36,"2":36,"3":3,"4":49,"5":6,"6":1,"7":1,"8":1,"9":5,"10":5,"11":49,"12":23,"13":49,"14":3},"f":{"0":36,"1":36,"2":49,"3":6,"4":23},"b":{"0":[36,0],"1":[36,36],"2":[1,5],"3":[1,0],"4":[5,0],"5":[14,35]},"_coverageSchema":"43e27e138ebf9cfc5966b082cf9a028302ed4184","hash":"c332a993c3374be3c24ecfb7aa1f1dbf563446fe"}
,"/Users/adam.aho/personal/kingsbury/src/components/collapse/Content.tsx": {"path":"/Users/adam.aho/personal/kingsbury/src/components/collapse/Content.tsx","statementMap":{"0":{"start":{"line":21,"column":80},"end":{"line":44,"column":1}},"1":{"start":{"line":22,"column":19},"end":{"line":31,"column":3}},"2":{"start":{"line":33,"column":2},"end":{"line":43,"column":4}},"3":{"start":{"line":46,"column":22},"end":{"line":60,"column":1}},"4":{"start":{"line":47,"column":24},"end":{"line":47,"column":59}},"5":{"start":{"line":49,"column":27},"end":{"line":49,"column":65}},"6":{"start":{"line":52,"column":15},"end":{"line":55,"column":3}},"7":{"start":{"line":57,"column":15},"end":{"line":59,"column":3}},"8":{"start":{"line":62,"column":62},"end":{"line":75,"column":1}},"9":{"start":{"line":65,"column":6},"end":{"line":65,"column":11}},"10":{"start":{"line":67,"column":2},"end":{"line":74,"column":4}}},"fnMap":{"0":{"name":"(anonymous_0)","decl":{"start":{"line":21,"column":80},"end":{"line":21,"column":81}},"loc":{"start":{"line":21,"column":107},"end":{"line":44,"column":1}},"line":21},"1":{"name":"(anonymous_1)","decl":{"start":{"line":47,"column":13},"end":{"line":47,"column":14}},"loc":{"start":{"line":47,"column":24},"end":{"line":47,"column":59}},"line":47},"2":{"name":"(anonymous_2)","decl":{"start":{"line":49,"column":16},"end":{"line":49,"column":17}},"loc":{"start":{"line":49,"column":27},"end":{"line":49,"column":65}},"line":49},"3":{"name":"(anonymous_3)","decl":{"start":{"line":52,"column":4},"end":{"line":52,"column":5}},"loc":{"start":{"line":52,"column":15},"end":{"line":55,"column":3}},"line":52},"4":{"name":"(anonymous_4)","decl":{"start":{"line":57,"column":4},"end":{"line":57,"column":5}},"loc":{"start":{"line":57,"column":15},"end":{"line":59,"column":3}},"line":57},"5":{"name":"(anonymous_5)","decl":{"start":{"line":62,"column":62},"end":{"line":62,"column":63}},"loc":{"start":{"line":62,"column":73},"end":{"line":75,"column":1}},"line":62}},"branchMap":{"0":{"loc":{"start":{"line":52,"column":15},"end":{"line":55,"column":3}},"type":"binary-expr","locations":[{"start":{"line":52,"column":15},"end":{"line":52,"column":45}},{"start":{"line":52,"column":49},"end":{"line":55,"column":3}}],"line":52},"1":{"loc":{"start":{"line":57,"column":15},"end":{"line":59,"column":3}},"type":"binary-expr","locations":[{"start":{"line":57,"column":15},"end":{"line":57,"column":26}},{"start":{"line":57,"column":30},"end":{"line":59,"column":3}}],"line":57}},"s":{"0":3,"1":36,"2":36,"3":3,"4":36,"5":36,"6":36,"7":36,"8":3,"9":36,"10":36},"f":{"0":36,"1":36,"2":36,"3":36,"4":36,"5":36},"b":{"0":[36,36],"1":[36,0]},"_coverageSchema":"43e27e138ebf9cfc5966b082cf9a028302ed4184","hash":"cf30bd3611734f5b2be687a1c63b97ff40b31d2d"}
,"/Users/adam.aho/personal/kingsbury/src/components/collapse/Header.tsx": {"path":"/Users/adam.aho/personal/kingsbury/src/components/collapse/Header.tsx","statementMap":{"0":{"start":{"line":33,"column":21},"end":{"line":56,"column":1}},"1":{"start":{"line":37,"column":27},"end":{"line":37,"column":64}},"2":{"start":{"line":39,"column":30},"end":{"line":39,"column":97}},"3":{"start":{"line":41,"column":15},"end":{"line":45,"column":3}},"4":{"start":{"line":47,"column":15},"end":{"line":50,"column":3}},"5":{"start":{"line":52,"column":24},"end":{"line":52,"column":58}},"6":{"start":{"line":53,"column":23},"end":{"line":53,"column":56}},"7":{"start":{"line":58,"column":53},"end":{"line":75,"column":1}},"8":{"start":{"line":66,"column":2},"end":{"line":74,"column":17}}},"fnMap":{"0":{"name":"(anonymous_0)","decl":{"start":{"line":37,"column":16},"end":{"line":37,"column":17}},"loc":{"start":{"line":37,"column":27},"end":{"line":37,"column":64}},"line":37},"1":{"name":"(anonymous_1)","decl":{"start":{"line":39,"column":19},"end":{"line":39,"column":20}},"loc":{"start":{"line":39,"column":30},"end":{"line":39,"column":97}},"line":39},"2":{"name":"(anonymous_2)","decl":{"start":{"line":41,"column":4},"end":{"line":41,"column":5}},"loc":{"start":{"line":41,"column":15},"end":{"line":45,"column":3}},"line":41},"3":{"name":"(anonymous_3)","decl":{"start":{"line":47,"column":4},"end":{"line":47,"column":5}},"loc":{"start":{"line":47,"column":15},"end":{"line":50,"column":3}},"line":47},"4":{"name":"(anonymous_4)","decl":{"start":{"line":52,"column":13},"end":{"line":52,"column":14}},"loc":{"start":{"line":52,"column":24},"end":{"line":52,"column":58}},"line":52},"5":{"name":"(anonymous_5)","decl":{"start":{"line":53,"column":12},"end":{"line":53,"column":13}},"loc":{"start":{"line":53,"column":23},"end":{"line":53,"column":56}},"line":53},"6":{"name":"(anonymous_6)","decl":{"start":{"line":58,"column":53},"end":{"line":58,"column":54}},"loc":{"start":{"line":66,"column":2},"end":{"line":74,"column":17}},"line":66}},"branchMap":{"0":{"loc":{"start":{"line":39,"column":30},"end":{"line":39,"column":97}},"type":"binary-expr","locations":[{"start":{"line":39,"column":30},"end":{"line":39,"column":60}},{"start":{"line":39,"column":64},"end":{"line":39,"column":97}}],"line":39},"1":{"loc":{"start":{"line":41,"column":15},"end":{"line":45,"column":3}},"type":"binary-expr","locations":[{"start":{"line":41,"column":15},"end":{"line":41,"column":25}},{"start":{"line":41,"column":29},"end":{"line":45,"column":3}}],"line":41},"2":{"loc":{"start":{"line":47,"column":15},"end":{"line":50,"column":3}},"type":"binary-expr","locations":[{"start":{"line":47,"column":15},"end":{"line":47,"column":26}},{"start":{"line":47,"column":30},"end":{"line":50,"column":3}}],"line":47}},"s":{"0":3,"1":36,"2":36,"3":36,"4":36,"5":36,"6":36,"7":3,"8":36},"f":{"0":36,"1":36,"2":36,"3":36,"4":36,"5":36,"6":36},"b":{"0":[36,36],"1":[36,9],"2":[36,0]},"_coverageSchema":"43e27e138ebf9cfc5966b082cf9a028302ed4184","hash":"7598d25c025d03f414083e8c3e9054daa3fac1b6"}
,"/Users/adam.aho/personal/kingsbury/src/components/floater/Floater.tsx": {"path":"/Users/adam.aho/personal/kingsbury/src/components/floater/Floater.tsx","statementMap":{"0":{"start":{"line":53,"column":18},"end":{"line":58,"column":1}},"1":{"start":{"line":54,"column":27},"end":{"line":56,"column":12}},"2":{"start":{"line":60,"column":62},"end":{"line":134,"column":1}},"3":{"start":{"line":71,"column":6},"end":{"line":71,"column":11}},"4":{"start":{"line":73,"column":44},"end":{"line":73,"column":87}},"5":{"start":{"line":74,"column":46},"end":{"line":74,"column":88}},"6":{"start":{"line":77,"column":20},"end":{"line":79,"column":23}},"7":{"start":{"line":78,"column":4},"end":{"line":78,"column":26}},"8":{"start":{"line":82,"column":31},"end":{"line":87,"column":46}},"9":{"start":{"line":83,"column":4},"end":{"line":86,"column":5}},"10":{"start":{"line":84,"column":29},"end":{"line":84,"column":88}},"11":{"start":{"line":85,"column":6},"end":{"line":85,"column":40}},"12":{"start":{"line":90,"column":21},"end":{"line":90,"column":38}},"13":{"start":{"line":93,"column":2},"end":{"line":99,"column":46}},"14":{"start":{"line":94,"column":4},"end":{"line":98,"column":5}},"15":{"start":{"line":95,"column":6},"end":{"line":95,"column":28}},"16":{"start":{"line":97,"column":6},"end":{"line":97,"column":30}},"17":{"start":{"line":101,"column":37},"end":{"line":101,"column":86}},"18":{"start":{"line":103,"column":2},"end":{"line":133,"column":3}},"19":{"start":{"line":136,"column":0},"end":{"line":149,"column":2}}},"fnMap":{"0":{"name":"(anonymous_0)","decl":{"start":{"line":54,"column":16},"end":{"line":54,"column":17}},"loc":{"start":{"line":54,"column":27},"end":{"line":56,"column":12}},"line":54},"1":{"name":"(anonymous_1)","decl":{"start":{"line":60,"column":62},"end":{"line":60,"column":63}},"loc":{"start":{"line":60,"column":73},"end":{"line":134,"column":1}},"line":60},"2":{"name":"(anonymous_2)","decl":{"start":{"line":77,"column":38},"end":{"line":77,"column":39}},"loc":{"start":{"line":77,"column":47},"end":{"line":79,"column":3}},"line":77},"3":{"name":"(anonymous_3)","decl":{"start":{"line":82,"column":49},"end":{"line":82,"column":50}},"loc":{"start":{"line":82,"column":55},"end":{"line":87,"column":3}},"line":82},"4":{"name":"(anonymous_4)","decl":{"start":{"line":93,"column":18},"end":{"line":93,"column":19}},"loc":{"start":{"line":93,"column":24},"end":{"line":99,"column":3}},"line":93}},"branchMap":{"0":{"loc":{"start":{"line":54,"column":27},"end":{"line":56,"column":12}},"type":"cond-expr","locations":[{"start":{"line":55,"column":4},"end":{"line":55,"column":13}},{"start":{"line":56,"column":4},"end":{"line":56,"column":12}}],"line":54},"1":{"loc":{"start":{"line":83,"column":4},"end":{"line":86,"column":5}},"type":"if","locations":[{"start":{"line":83,"column":4},"end":{"line":86,"column":5}},{"start":{"line":83,"column":4},"end":{"line":86,"column":5}}],"line":83},"2":{"loc":{"start":{"line":83,"column":8},"end":{"line":83,"column":38}},"type":"binary-expr","locations":[{"start":{"line":83,"column":8},"end":{"line":83,"column":21}},{"start":{"line":83,"column":25},"end":{"line":83,"column":38}}],"line":83},"3":{"loc":{"start":{"line":94,"column":4},"end":{"line":98,"column":5}},"type":"if","locations":[{"start":{"line":94,"column":4},"end":{"line":98,"column":5}},{"start":{"line":94,"column":4},"end":{"line":98,"column":5}}],"line":94},"4":{"loc":{"start":{"line":101,"column":37},"end":{"line":101,"column":86}},"type":"binary-expr","locations":[{"start":{"line":101,"column":37},"end":{"line":101,"column":59}},{"start":{"line":101,"column":63},"end":{"line":101,"column":86}}],"line":101},"5":{"loc":{"start":{"line":105,"column":7},"end":{"line":130,"column":9}},"type":"binary-expr","locations":[{"start":{"line":105,"column":8},"end":{"line":105,"column":12}},{"start":{"line":105,"column":16},"end":{"line":105,"column":29}},{"start":{"line":106,"column":8},"end":{"line":129,"column":17}}],"line":105},"6":{"loc":{"start":{"line":118,"column":23},"end":{"line":120,"column":24}},"type":"cond-expr","locations":[{"start":{"line":119,"column":18},"end":{"line":119,"column":50}},{"start":{"line":120,"column":18},"end":{"line":120,"column":24}}],"line":118}},"s":{"0":1,"1":6,"2":1,"3":10,"4":10,"5":10,"6":10,"7":3,"8":10,"9":4,"10":2,"11":2,"12":10,"13":10,"14":6,"15":4,"16":2,"17":10,"18":10,"19":1},"f":{"0":6,"1":10,"2":3,"3":4,"4":6},"b":{"0":[2,4],"1":[2,2],"2":[4,2],"3":[4,2],"4":[10,6],"5":[10,6,6],"6":[0,6]},"_coverageSchema":"43e27e138ebf9cfc5966b082cf9a028302ed4184","hash":"2093c17a2da9264e595e25845c919b5691e7a5b8"}
,"/Users/adam.aho/personal/kingsbury/src/components/input/Input.tsx": {"path":"/Users/adam.aho/personal/kingsbury/src/components/input/Input.tsx","statementMap":{"0":{"start":{"line":66,"column":18},"end":{"line":68,"column":1}},"1":{"start":{"line":70,"column":14},"end":{"line":72,"column":1}},"2":{"start":{"line":74,"column":14},"end":{"line":76,"column":1}},"3":{"start":{"line":75,"column":22},"end":{"line":75,"column":47}},"4":{"start":{"line":78,"column":20},"end":{"line":145,"column":1}},"5":{"start":{"line":79,"column":23},"end":{"line":79,"column":52}},"6":{"start":{"line":80,"column":26},"end":{"line":80,"column":57}},"7":{"start":{"line":82,"column":15},"end":{"line":85,"column":3}},"8":{"start":{"line":92,"column":33},"end":{"line":92,"column":61}},"9":{"start":{"line":93,"column":22},"end":{"line":93,"column":45}},"10":{"start":{"line":95,"column":15},"end":{"line":97,"column":3}},"11":{"start":{"line":99,"column":15},"end":{"line":105,"column":3}},"12":{"start":{"line":107,"column":15},"end":{"line":113,"column":3}},"13":{"start":{"line":115,"column":15},"end":{"line":119,"column":3}},"14":{"start":{"line":124,"column":24},"end":{"line":124,"column":58}},"15":{"start":{"line":132,"column":25},"end":{"line":132,"column":66}},"16":{"start":{"line":133,"column":17},"end":{"line":137,"column":5}},"17":{"start":{"line":139,"column":17},"end":{"line":141,"column":5}},"18":{"start":{"line":147,"column":58},"end":{"line":202,"column":2}},"19":{"start":{"line":165,"column":6},"end":{"line":165,"column":11}},"20":{"start":{"line":168,"column":4},"end":{"line":170,"column":5}},"21":{"start":{"line":169,"column":6},"end":{"line":169,"column":18}},"22":{"start":{"line":173,"column":2},"end":{"line":201,"column":4}},"23":{"start":{"line":204,"column":0},"end":{"line":221,"column":2}},"24":{"start":{"line":209,"column":29},"end":{"line":209,"column":47}}},"fnMap":{"0":{"name":"(anonymous_0)","decl":{"start":{"line":75,"column":11},"end":{"line":75,"column":12}},"loc":{"start":{"line":75,"column":22},"end":{"line":75,"column":47}},"line":75},"1":{"name":"(anonymous_1)","decl":{"start":{"line":79,"column":12},"end":{"line":79,"column":13}},"loc":{"start":{"line":79,"column":23},"end":{"line":79,"column":52}},"line":79},"2":{"name":"(anonymous_2)","decl":{"start":{"line":80,"column":15},"end":{"line":80,"column":16}},"loc":{"start":{"line":80,"column":26},"end":{"line":80,"column":57}},"line":80},"3":{"name":"(anonymous_3)","decl":{"start":{"line":82,"column":4},"end":{"line":82,"column":5}},"loc":{"start":{"line":82,"column":15},"end":{"line":85,"column":3}},"line":82},"4":{"name":"(anonymous_4)","decl":{"start":{"line":92,"column":22},"end":{"line":92,"column":23}},"loc":{"start":{"line":92,"column":33},"end":{"line":92,"column":61}},"line":92},"5":{"name":"(anonymous_5)","decl":{"start":{"line":93,"column":11},"end":{"line":93,"column":12}},"loc":{"start":{"line":93,"column":22},"end":{"line":93,"column":45}},"line":93},"6":{"name":"(anonymous_6)","decl":{"start":{"line":95,"column":4},"end":{"line":95,"column":5}},"loc":{"start":{"line":95,"column":15},"end":{"line":97,"column":3}},"line":95},"7":{"name":"(anonymous_7)","decl":{"start":{"line":99,"column":4},"end":{"line":99,"column":5}},"loc":{"start":{"line":99,"column":15},"end":{"line":105,"column":3}},"line":99},"8":{"name":"(anonymous_8)","decl":{"start":{"line":107,"column":4},"end":{"line":107,"column":5}},"loc":{"start":{"line":107,"column":15},"end":{"line":113,"column":3}},"line":107},"9":{"name":"(anonymous_9)","decl":{"start":{"line":115,"column":4},"end":{"line":115,"column":5}},"loc":{"start":{"line":115,"column":15},"end":{"line":119,"column":3}},"line":115},"10":{"name":"(anonymous_10)","decl":{"start":{"line":124,"column":13},"end":{"line":124,"column":14}},"loc":{"start":{"line":124,"column":24},"end":{"line":124,"column":58}},"line":124},"11":{"name":"(anonymous_11)","decl":{"start":{"line":132,"column":14},"end":{"line":132,"column":15}},"loc":{"start":{"line":132,"column":25},"end":{"line":132,"column":66}},"line":132},"12":{"name":"(anonymous_12)","decl":{"start":{"line":133,"column":6},"end":{"line":133,"column":7}},"loc":{"start":{"line":133,"column":17},"end":{"line":137,"column":5}},"line":133},"13":{"name":"(anonymous_13)","decl":{"start":{"line":139,"column":6},"end":{"line":139,"column":7}},"loc":{"start":{"line":139,"column":17},"end":{"line":141,"column":5}},"line":139},"14":{"name":"(anonymous_14)","decl":{"start":{"line":147,"column":105},"end":{"line":147,"column":106}},"loc":{"start":{"line":147,"column":121},"end":{"line":202,"column":1}},"line":147},"15":{"name":"onChangeHandler","decl":{"start":{"line":167,"column":11},"end":{"line":167,"column":26}},"loc":{"start":{"line":167,"column":46},"end":{"line":171,"column":3}},"line":167},"16":{"name":"(anonymous_16)","decl":{"start":{"line":209,"column":18},"end":{"line":209,"column":19}},"loc":{"start":{"line":209,"column":29},"end":{"line":209,"column":47}},"line":209}},"branchMap":{"0":{"loc":{"start":{"line":82,"column":15},"end":{"line":85,"column":3}},"type":"binary-expr","locations":[{"start":{"line":82,"column":15},"end":{"line":82,"column":42}},{"start":{"line":82,"column":46},"end":{"line":85,"column":3}}],"line":82},"1":{"loc":{"start":{"line":95,"column":15},"end":{"line":97,"column":3}},"type":"binary-expr","locations":[{"start":{"line":95,"column":15},"end":{"line":95,"column":26}},{"start":{"line":95,"column":30},"end":{"line":97,"column":3}}],"line":95},"2":{"loc":{"start":{"line":99,"column":15},"end":{"line":105,"column":3}},"type":"binary-expr","locations":[{"start":{"line":99,"column":15},"end":{"line":99,"column":42}},{"start":{"line":99,"column":46},"end":{"line":105,"column":3}}],"line":99},"3":{"loc":{"start":{"line":104,"column":20},"end":{"line":104,"column":91}},"type":"cond-expr","locations":[{"start":{"line":104,"column":34},"end":{"line":104,"column":59}},{"start":{"line":104,"column":62},"end":{"line":104,"column":91}}],"line":104},"4":{"loc":{"start":{"line":107,"column":15},"end":{"line":113,"column":3}},"type":"binary-expr","locations":[{"start":{"line":107,"column":15},"end":{"line":107,"column":44}},{"start":{"line":107,"column":48},"end":{"line":113,"column":3}}],"line":107},"5":{"loc":{"start":{"line":112,"column":20},"end":{"line":112,"column":91}},"type":"cond-expr","locations":[{"start":{"line":112,"column":34},"end":{"line":112,"column":59}},{"start":{"line":112,"column":62},"end":{"line":112,"column":91}}],"line":112},"6":{"loc":{"start":{"line":115,"column":15},"end":{"line":119,"column":3}},"type":"binary-expr","locations":[{"start":{"line":115,"column":15},"end":{"line":115,"column":42}},{"start":{"line":115,"column":46},"end":{"line":119,"column":3}}],"line":115},"7":{"loc":{"start":{"line":118,"column":13},"end":{"line":118,"column":78}},"type":"cond-expr","locations":[{"start":{"line":118,"column":27},"end":{"line":118,"column":52}},{"start":{"line":118,"column":55},"end":{"line":118,"column":78}}],"line":118},"8":{"loc":{"start":{"line":133,"column":17},"end":{"line":137,"column":5}},"type":"binary-expr","locations":[{"start":{"line":133,"column":17},"end":{"line":133,"column":46}},{"start":{"line":133,"column":50},"end":{"line":137,"column":5}}],"line":133},"9":{"loc":{"start":{"line":139,"column":17},"end":{"line":141,"column":5}},"type":"binary-expr","locations":[{"start":{"line":139,"column":17},"end":{"line":139,"column":44}},{"start":{"line":139,"column":48},"end":{"line":141,"column":5}}],"line":139},"10":{"loc":{"start":{"line":168,"column":4},"end":{"line":170,"column":5}},"type":"if","locations":[{"start":{"line":168,"column":4},"end":{"line":170,"column":5}},{"start":{"line":168,"column":4},"end":{"line":170,"column":5}}],"line":168},"11":{"loc":{"start":{"line":176,"column":9},"end":{"line":176,"column":23}},"type":"binary-expr","locations":[{"start":{"line":176,"column":9},"end":{"line":176,"column":14}},{"start":{"line":176,"column":18},"end":{"line":176,"column":23}}],"line":176},"12":{"loc":{"start":{"line":195,"column":7},"end":{"line":198,"column":16}},"type":"binary-expr","locations":[{"start":{"line":195,"column":8},"end":{"line":195,"column":13}},{"start":{"line":195,"column":17},"end":{"line":195,"column":31}},{"start":{"line":196,"column":8},"end":{"line":198,"column":16}}],"line":195}},"s":{"0":3,"1":3,"2":3,"3":1,"4":3,"5":13,"6":13,"7":13,"8":13,"9":13,"10":13,"11":13,"12":13,"13":13,"14":13,"15":13,"16":13,"17":13,"18":3,"19":13,"20":1,"21":1,"22":13,"23":3,"24":1},"f":{"0":1,"1":13,"2":13,"3":13,"4":13,"5":13,"6":13,"7":13,"8":13,"9":13,"10":13,"11":13,"12":13,"13":13,"14":13,"15":1,"16":1},"b":{"0":[13,1],"1":[13,1],"2":[13,12],"3":[1,11],"4":[13,1],"5":[0,1],"6":[13,0],"7":[0,0],"8":[13,1],"9":[13,0],"10":[1,0],"11":[13,1],"12":[13,1,1]},"_coverageSchema":"43e27e138ebf9cfc5966b082cf9a028302ed4184","hash":"989b78287a1c6328b3026e144f7e8ef9c83f6614"}
,"/Users/adam.aho/personal/kingsbury/src/components/portal/Portal.tsx": {"path":"/Users/adam.aho/personal/kingsbury/src/components/portal/Portal.tsx","statementMap":{"0":{"start":{"line":15,"column":60},"end":{"line":37,"column":1}},"1":{"start":{"line":20,"column":6},"end":{"line":20,"column":11}},"2":{"start":{"line":22,"column":36},"end":{"line":22,"column":76}},"3":{"start":{"line":24,"column":2},"end":{"line":28,"column":33}},"4":{"start":{"line":25,"column":4},"end":{"line":27,"column":5}},"5":{"start":{"line":26,"column":6},"end":{"line":26,"column":47}},"6":{"start":{"line":30,"column":2},"end":{"line":33,"column":3}},"7":{"start":{"line":31,"column":4},"end":{"line":31,"column":34}},"8":{"start":{"line":32,"column":4},"end":{"line":32,"column":62}},"9":{"start":{"line":36,"column":2},"end":{"line":36,"column":75}},"10":{"start":{"line":39,"column":0},"end":{"line":42,"column":2}}},"fnMap":{"0":{"name":"(anonymous_0)","decl":{"start":{"line":15,"column":60},"end":{"line":15,"column":61}},"loc":{"start":{"line":15,"column":71},"end":{"line":37,"column":1}},"line":15},"1":{"name":"(anonymous_1)","decl":{"start":{"line":24,"column":18},"end":{"line":24,"column":19}},"loc":{"start":{"line":24,"column":24},"end":{"line":28,"column":3}},"line":24}},"branchMap":{"0":{"loc":{"start":{"line":25,"column":4},"end":{"line":27,"column":5}},"type":"if","locations":[{"start":{"line":25,"column":4},"end":{"line":27,"column":5}},{"start":{"line":25,"column":4},"end":{"line":27,"column":5}}],"line":25},"1":{"loc":{"start":{"line":26,"column":19},"end":{"line":26,"column":45}},"type":"binary-expr","locations":[{"start":{"line":26,"column":19},"end":{"line":26,"column":28}},{"start":{"line":26,"column":32},"end":{"line":26,"column":45}}],"line":26},"2":{"loc":{"start":{"line":30,"column":2},"end":{"line":33,"column":3}},"type":"if","locations":[{"start":{"line":30,"column":2},"end":{"line":33,"column":3}},{"start":{"line":30,"column":2},"end":{"line":33,"column":3}}],"line":30},"3":{"loc":{"start":{"line":36,"column":9},"end":{"line":36,"column":74}},"type":"cond-expr","locations":[{"start":{"line":36,"column":21},"end":{"line":36,"column":63}},{"start":{"line":36,"column":65},"end":{"line":36,"column":74}}],"line":36}},"s":{"0":3,"1":15,"2":15,"3":15,"4":6,"5":5,"6":15,"7":1,"8":1,"9":14,"10":3},"f":{"0":15,"1":6},"b":{"0":[5,1],"1":[5,4],"2":[1,14],"3":[9,5]},"_coverageSchema":"43e27e138ebf9cfc5966b082cf9a028302ed4184","hash":"2de1c3680a4d781a1deeb013d540ec38c5e13560"}
,"/Users/adam.aho/personal/kingsbury/src/components/typeography/Text.tsx": {"path":"/Users/adam.aho/personal/kingsbury/src/components/typeography/Text.tsx","statementMap":{"0":{"start":{"line":19,"column":19},"end":{"line":21,"column":1}},"1":{"start":{"line":20,"column":26},"end":{"line":20,"column":83}},"2":{"start":{"line":23,"column":56},"end":{"line":33,"column":1}},"3":{"start":{"line":26,"column":6},"end":{"line":26,"column":11}},"4":{"start":{"line":28,"column":2},"end":{"line":32,"column":4}},"5":{"start":{"line":35,"column":0},"end":{"line":39,"column":2}}},"fnMap":{"0":{"name":"(anonymous_0)","decl":{"start":{"line":20,"column":15},"end":{"line":20,"column":16}},"loc":{"start":{"line":20,"column":26},"end":{"line":20,"column":83}},"line":20},"1":{"name":"(anonymous_1)","decl":{"start":{"line":23,"column":56},"end":{"line":23,"column":57}},"loc":{"start":{"line":23,"column":67},"end":{"line":33,"column":1}},"line":23}},"branchMap":{"0":{"loc":{"start":{"line":20,"column":50},"end":{"line":20,"column":73}},"type":"binary-expr","locations":[{"start":{"line":20,"column":50},"end":{"line":20,"column":65}},{"start":{"line":20,"column":69},"end":{"line":20,"column":73}}],"line":20}},"s":{"0":3,"1":3,"2":3,"3":3,"4":3,"5":3},"f":{"0":3,"1":3},"b":{"0":[3,0]},"_coverageSchema":"43e27e138ebf9cfc5966b082cf9a028302ed4184","hash":"51fe399fbc01459223a7c9f6e66aa24d6eca4a45"}
,"/Users/adam.aho/personal/kingsbury/src/components/utils/getRelativePosition.ts": {"path":"/Users/adam.aho/personal/kingsbury/src/components/utils/getRelativePosition.ts","statementMap":{"0":{"start":{"line":15,"column":26},"end":{"line":25,"column":1}},"1":{"start":{"line":19,"column":6},"end":{"line":19,"column":18}},"2":{"start":{"line":21,"column":2},"end":{"line":24,"column":3}},"3":{"start":{"line":27,"column":23},"end":{"line":37,"column":1}},"4":{"start":{"line":31,"column":6},"end":{"line":31,"column":18}},"5":{"start":{"line":33,"column":2},"end":{"line":36,"column":4}},"6":{"start":{"line":39,"column":24},"end":{"line":52,"column":1}},"7":{"start":{"line":44,"column":6},"end":{"line":44,"column":18}},"8":{"start":{"line":46,"column":23},"end":{"line":46,"column":79}},"9":{"start":{"line":48,"column":2},"end":{"line":51,"column":4}},"10":{"start":{"line":54,"column":25},"end":{"line":67,"column":1}},"11":{"start":{"line":59,"column":6},"end":{"line":59,"column":18}},"12":{"start":{"line":61,"column":23},"end":{"line":61,"column":79}},"13":{"start":{"line":63,"column":2},"end":{"line":66,"column":4}},"14":{"start":{"line":69,"column":35},"end":{"line":116,"column":1}},"15":{"start":{"line":71,"column":23},"end":{"line":76,"column":3}},"16":{"start":{"line":78,"column":2},"end":{"line":115,"column":3}},"17":{"start":{"line":80,"column":28},"end":{"line":80,"column":87}},"18":{"start":{"line":82,"column":6},"end":{"line":84,"column":7}},"19":{"start":{"line":83,"column":8},"end":{"line":83,"column":47}},"20":{"start":{"line":86,"column":6},"end":{"line":86,"column":42}},"21":{"start":{"line":89,"column":30},"end":{"line":89,"column":120}},"22":{"start":{"line":91,"column":6},"end":{"line":93,"column":7}},"23":{"start":{"line":92,"column":8},"end":{"line":92,"column":45}},"24":{"start":{"line":95,"column":6},"end":{"line":95,"column":44}},"25":{"start":{"line":98,"column":31},"end":{"line":98,"column":90}},"26":{"start":{"line":100,"column":6},"end":{"line":102,"column":7}},"27":{"start":{"line":101,"column":8},"end":{"line":101,"column":44}},"28":{"start":{"line":104,"column":6},"end":{"line":104,"column":45}},"29":{"start":{"line":107,"column":29},"end":{"line":107,"column":87}},"30":{"start":{"line":109,"column":6},"end":{"line":111,"column":7}},"31":{"start":{"line":110,"column":8},"end":{"line":110,"column":46}},"32":{"start":{"line":113,"column":6},"end":{"line":113,"column":43}}},"fnMap":{"0":{"name":"(anonymous_0)","decl":{"start":{"line":15,"column":26},"end":{"line":15,"column":27}},"loc":{"start":{"line":15,"column":73},"end":{"line":25,"column":1}},"line":15},"1":{"name":"(anonymous_1)","decl":{"start":{"line":27,"column":23},"end":{"line":27,"column":24}},"loc":{"start":{"line":27,"column":70},"end":{"line":37,"column":1}},"line":27},"2":{"name":"(anonymous_2)","decl":{"start":{"line":39,"column":24},"end":{"line":39,"column":25}},"loc":{"start":{"line":39,"column":71},"end":{"line":52,"column":1}},"line":39},"3":{"name":"(anonymous_3)","decl":{"start":{"line":54,"column":25},"end":{"line":54,"column":26}},"loc":{"start":{"line":54,"column":72},"end":{"line":67,"column":1}},"line":54},"4":{"name":"(anonymous_4)","decl":{"start":{"line":69,"column":35},"end":{"line":69,"column":36}},"loc":{"start":{"line":69,"column":123},"end":{"line":116,"column":1}},"line":69}},"branchMap":{"0":{"loc":{"start":{"line":78,"column":2},"end":{"line":115,"column":3}},"type":"switch","locations":[{"start":{"line":79,"column":4},"end":{"line":87,"column":5}},{"start":{"line":88,"column":4},"end":{"line":96,"column":5}},{"start":{"line":97,"column":4},"end":{"line":105,"column":5}},{"start":{"line":106,"column":4},"end":{"line":114,"column":5}}],"line":78},"1":{"loc":{"start":{"line":82,"column":6},"end":{"line":84,"column":7}},"type":"if","locations":[{"start":{"line":82,"column":6},"end":{"line":84,"column":7}},{"start":{"line":82,"column":6},"end":{"line":84,"column":7}}],"line":82},"2":{"loc":{"start":{"line":91,"column":6},"end":{"line":93,"column":7}},"type":"if","locations":[{"start":{"line":91,"column":6},"end":{"line":93,"column":7}},{"start":{"line":91,"column":6},"end":{"line":93,"column":7}}],"line":91},"3":{"loc":{"start":{"line":100,"column":6},"end":{"line":102,"column":7}},"type":"if","locations":[{"start":{"line":100,"column":6},"end":{"line":102,"column":7}},{"start":{"line":100,"column":6},"end":{"line":102,"column":7}}],"line":100},"4":{"loc":{"start":{"line":109,"column":6},"end":{"line":111,"column":7}},"type":"if","locations":[{"start":{"line":109,"column":6},"end":{"line":111,"column":7}},{"start":{"line":109,"column":6},"end":{"line":111,"column":7}}],"line":109}},"s":{"0":2,"1":4,"2":4,"3":2,"4":2,"5":2,"6":2,"7":2,"8":2,"9":2,"10":2,"11":2,"12":2,"13":2,"14":2,"15":10,"16":10,"17":2,"18":2,"19":1,"20":1,"21":2,"22":2,"23":1,"24":1,"25":4,"26":4,"27":1,"28":3,"29":2,"30":2,"31":1,"32":1},"f":{"0":4,"1":2,"2":2,"3":2,"4":10},"b":{"0":[2,2,4,2],"1":[1,1],"2":[1,1],"3":[1,3],"4":[1,1]},"_coverageSchema":"43e27e138ebf9cfc5966b082cf9a028302ed4184","hash":"de26d6e7275ef578cfe3d6ff740587f5bd473076"}
,"/Users/adam.aho/personal/kingsbury/src/hooks/index.ts": {"path":"/Users/adam.aho/personal/kingsbury/src/hooks/index.ts","statementMap":{},"fnMap":{},"branchMap":{},"s":{},"f":{},"b":{},"_coverageSchema":"43e27e138ebf9cfc5966b082cf9a028302ed4184","hash":"5f165b0f18602d57cc68e993cea619fd60f22f51"}
,"/Users/adam.aho/personal/kingsbury/src/hooks/useAfterMountEffect.ts": {"path":"/Users/adam.aho/personal/kingsbury/src/hooks/useAfterMountEffect.ts","statementMap":{"0":{"start":{"line":7,"column":35},"end":{"line":17,"column":1}},"1":{"start":{"line":8,"column":19},"end":{"line":8,"column":38}},"2":{"start":{"line":10,"column":2},"end":{"line":16,"column":17}},"3":{"start":{"line":11,"column":4},"end":{"line":15,"column":5}},"4":{"start":{"line":12,"column":6},"end":{"line":12,"column":11}},"5":{"start":{"line":14,"column":6},"end":{"line":14,"column":30}}},"fnMap":{"0":{"name":"(anonymous_0)","decl":{"start":{"line":7,"column":35},"end":{"line":7,"column":36}},"loc":{"start":{"line":7,"column":68},"end":{"line":17,"column":1}},"line":7},"1":{"name":"(anonymous_1)","decl":{"start":{"line":10,"column":18},"end":{"line":10,"column":19}},"loc":{"start":{"line":10,"column":24},"end":{"line":16,"column":3}},"line":10}},"branchMap":{"0":{"loc":{"start":{"line":11,"column":4},"end":{"line":15,"column":5}},"type":"if","locations":[{"start":{"line":11,"column":4},"end":{"line":15,"column":5}},{"start":{"line":11,"column":4},"end":{"line":15,"column":5}}],"line":11}},"s":{"0":3,"1":58,"2":58,"3":45,"4":28,"5":17},"f":{"0":58,"1":45},"b":{"0":[28,17]},"_coverageSchema":"43e27e138ebf9cfc5966b082cf9a028302ed4184","hash":"a0f004fde0acca865b4be835d43517a215e718fe"}
,"/Users/adam.aho/personal/kingsbury/src/hooks/useResizeEffect.ts": {"path":"/Users/adam.aho/personal/kingsbury/src/hooks/useResizeEffect.ts","statementMap":{"0":{"start":{"line":12,"column":31},"end":{"line":40,"column":1}},"1":{"start":{"line":14,"column":4},"end":{"line":17,"column":6}},"2":{"start":{"line":19,"column":38},"end":{"line":19,"column":81}},"3":{"start":{"line":21,"column":2},"end":{"line":37,"column":9}},"4":{"start":{"line":22,"column":24},"end":{"line":30,"column":5}},"5":{"start":{"line":23,"column":6},"end":{"line":23,"column":37}},"6":{"start":{"line":32,"column":4},"end":{"line":32,"column":61}},"7":{"start":{"line":34,"column":4},"end":{"line":36,"column":5}},"8":{"start":{"line":35,"column":6},"end":{"line":35,"column":66}},"9":{"start":{"line":39,"column":2},"end":{"line":39,"column":20}}},"fnMap":{"0":{"name":"(anonymous_0)","decl":{"start":{"line":12,"column":31},"end":{"line":12,"column":32}},"loc":{"start":{"line":12,"column":37},"end":{"line":40,"column":1}},"line":12},"1":{"name":"getWindowSize","decl":{"start":{"line":13,"column":11},"end":{"line":13,"column":24}},"loc":{"start":{"line":13,"column":27},"end":{"line":18,"column":3}},"line":13},"2":{"name":"(anonymous_2)","decl":{"start":{"line":21,"column":18},"end":{"line":21,"column":19}},"loc":{"start":{"line":21,"column":24},"end":{"line":37,"column":3}},"line":21},"3":{"name":"(anonymous_3)","decl":{"start":{"line":22,"column":35},"end":{"line":22,"column":36}},"loc":{"start":{"line":22,"column":41},"end":{"line":24,"column":5}},"line":22},"4":{"name":"(anonymous_4)","decl":{"start":{"line":34,"column":11},"end":{"line":34,"column":12}},"loc":{"start":{"line":34,"column":17},"end":{"line":36,"column":5}},"line":34}},"branchMap":{},"s":{"0":2,"1":14,"2":13,"3":13,"4":4,"5":1,"6":4,"7":4,"8":2,"9":13},"f":{"0":13,"1":14,"2":4,"3":1,"4":2},"b":{},"_coverageSchema":"43e27e138ebf9cfc5966b082cf9a028302ed4184","hash":"76624d31ae899d6293dce31f6cf0a72e9007ae0e"}
,"/Users/adam.aho/personal/kingsbury/src/theme/colors.ts": {"path":"/Users/adam.aho/personal/kingsbury/src/theme/colors.ts","statementMap":{},"fnMap":{},"branchMap":{},"s":{},"f":{},"b":{},"_coverageSchema":"43e27e138ebf9cfc5966b082cf9a028302ed4184","hash":"7954a90d09c4c9504e16357230e10165950586aa"}
,"/Users/adam.aho/personal/kingsbury/src/theme/index.ts": {"path":"/Users/adam.aho/personal/kingsbury/src/theme/index.ts","statementMap":{"0":{"start":{"line":3,"column":26},"end":{"line":118,"column":1}}},"fnMap":{},"branchMap":{},"s":{"0":7},"f":{},"b":{},"_coverageSchema":"43e27e138ebf9cfc5966b082cf9a028302ed4184","hash":"0a84c9cab39276bfae041ef4bf9f6b1c52237e10"}
}
