TN:
SF:/Users/adam.aho/personal/kingsbury/src/index.ts
FNF:0
FNH:0
LF:0
LH:0
BRF:0
BRH:0
end_of_record
TN:
SF:/Users/adam.aho/personal/kingsbury/src/components/index.ts
FNF:0
FNH:0
LF:0
LH:0
BRF:0
BRH:0
end_of_record
TN:
SF:/Users/adam.aho/personal/kingsbury/src/components/accordion/Accordion.tsx
FN:54,(anonymous_0)
FN:65,getClassicItems
FN:71,getItems
FN:73,(anonymous_3)
FN:77,onCollapseChange
FN:83,(anonymous_5)
FNF:6
FNH:6
FNDA:9,(anonymous_0)
FNDA:2,getClassicItems
FNDA:3,getItems
FNDA:2,(anonymous_3)
FNDA:5,onCollapseChange
FNDA:5,(anonymous_5)
DA:52,2
DA:54,2
DA:63,9
DA:66,2
DA:72,3
DA:73,2
DA:78,5
DA:79,5
DA:83,9
DA:84,5
DA:85,5
DA:89,9
DA:105,2
DA:115,2
LF:14
LH:14
BRDA:63,0,0,9
BRDA:63,0,1,0
BRDA:66,1,0,0
BRDA:66,1,1,2
BRDA:72,2,0,1
BRDA:72,2,1,2
BRDA:78,3,0,2
BRDA:78,3,1,3
BRDA:84,4,0,5
BRDA:84,4,1,0
BRF:10
BRH:7
end_of_record
TN:
SF:/Users/adam.aho/personal/kingsbury/src/components/accordion/AccordionItem.tsx
FN:22,(anonymous_0)
FN:26,(anonymous_1)
FN:28,(anonymous_2)
FNF:3
FNH:3
FNDA:27,(anonymous_0)
FNDA:12,(anonymous_1)
FNDA:27,(anonymous_2)
DA:21,2
DA:22,27
DA:26,2
DA:27,12
DA:31,27
DA:33,27
LF:6
LH:6
BRF:0
BRH:0
end_of_record
TN:
SF:/Users/adam.aho/personal/kingsbury/src/components/accordion/context.ts
FNF:0
FNH:0
DA:17,2
LF:1
LH:1
BRF:0
BRH:0
end_of_record
TN:
SF:/Users/adam.aho/personal/kingsbury/src/components/accordion/types.ts
FNF:0
FNH:0
LF:0
LH:0
BRF:0
BRH:0
end_of_record
TN:
SF:/Users/adam.aho/personal/kingsbury/src/components/avatar/Avatar.tsx
FN:24,(anonymous_0)
FNF:1
FNH:1
FNDA:1,(anonymous_0)
DA:12,3
DA:24,3
DA:28,1
DA:30,1
DA:37,3
LF:5
LH:5
BRF:0
BRH:0
end_of_record
TN:
SF:/Users/adam.aho/personal/kingsbury/src/components/button/Button.tsx
FN:39,(anonymous_0)
FN:45,(anonymous_1)
FN:52,(anonymous_2)
FN:59,(anonymous_3)
FN:60,(anonymous_4)
FN:62,(anonymous_5)
FN:64,(anonymous_6)
FN:68,(anonymous_7)
FN:70,(anonymous_8)
FN:85,(anonymous_9)
FNF:10
FNH:10
FNDA:6,(anonymous_0)
FNDA:6,(anonymous_1)
FNDA:6,(anonymous_2)
FNDA:6,(anonymous_3)
FNDA:6,(anonymous_4)
FNDA:6,(anonymous_5)
FNDA:6,(anonymous_6)
FNDA:6,(anonymous_7)
FNDA:6,(anonymous_8)
FNDA:6,(anonymous_9)
DA:34,3
DA:36,3
DA:38,3
DA:40,6
DA:46,6
DA:47,1
DA:49,5
DA:52,6
DA:59,6
DA:60,6
DA:62,6
DA:65,6
DA:68,6
DA:70,6
DA:85,3
DA:89,6
DA:91,6
DA:102,3
LF:18
LH:18
BRDA:40,0,0,2
BRDA:40,0,1,4
BRDA:42,1,0,4
BRDA:42,1,1,0
BRDA:46,2,0,1
BRDA:46,2,1,5
BRDA:46,3,0,6
BRDA:46,3,1,0
BRDA:65,4,0,2
BRDA:65,4,1,4
BRDA:70,5,0,6
BRDA:70,5,1,4
BRF:12
BRH:10
end_of_record
TN:
SF:/Users/adam.aho/personal/kingsbury/src/components/card/Card.tsx
FN:41,(anonymous_0)
FN:42,(anonymous_1)
FN:44,(anonymous_2)
FN:45,(anonymous_3)
FN:46,(anonymous_4)
FN:47,(anonymous_5)
FN:49,(anonymous_6)
FN:51,(anonymous_7)
FN:53,(anonymous_8)
FN:55,(anonymous_9)
FN:64,(anonymous_10)
FNF:11
FNH:11
FNDA:3,(anonymous_0)
FNDA:3,(anonymous_1)
FNDA:3,(anonymous_2)
FNDA:3,(anonymous_3)
FNDA:3,(anonymous_4)
FNDA:3,(anonymous_5)
FNDA:3,(anonymous_6)
FNDA:3,(anonymous_7)
FNDA:3,(anonymous_8)
FNDA:3,(anonymous_9)
FNDA:3,(anonymous_10)
DA:40,3
DA:41,3
DA:42,3
DA:44,3
DA:45,3
DA:46,3
DA:47,3
DA:49,3
DA:51,3
DA:53,3
DA:55,3
DA:64,3
DA:70,3
DA:72,3
DA:84,3
DA:85,3
DA:87,3
LF:17
LH:17
BRDA:49,0,0,1
BRDA:49,0,1,2
BRDA:51,1,0,1
BRDA:51,1,1,2
BRDA:55,2,0,3
BRDA:55,2,1,1
BRF:6
BRH:6
end_of_record
TN:
SF:/Users/adam.aho/personal/kingsbury/src/components/card/Footer.tsx
FN:20,(anonymous_0)
FN:21,(anonymous_1)
FN:22,(anonymous_2)
FN:23,(anonymous_3)
FN:24,(anonymous_4)
FN:25,(anonymous_5)
FN:29,(anonymous_6)
FNF:7
FNH:7
FNDA:2,(anonymous_0)
FNDA:2,(anonymous_1)
FNDA:2,(anonymous_2)
FNDA:2,(anonymous_3)
FNDA:2,(anonymous_4)
FNDA:2,(anonymous_5)
FNDA:2,(anonymous_6)
DA:19,3
DA:20,2
DA:21,2
DA:22,2
DA:23,2
DA:24,2
DA:25,2
DA:29,3
DA:32,2
DA:34,2
DA:41,3
LF:11
LH:11
BRF:0
BRH:0
end_of_record
TN:
SF:/Users/adam.aho/personal/kingsbury/src/components/card/Header.tsx
FN:20,(anonymous_0)
FN:21,(anonymous_1)
FN:22,(anonymous_2)
FN:23,(anonymous_3)
FN:24,(anonymous_4)
FN:28,(anonymous_5)
FNF:6
FNH:6
FNDA:2,(anonymous_0)
FNDA:2,(anonymous_1)
FNDA:2,(anonymous_2)
FNDA:2,(anonymous_3)
FNDA:2,(anonymous_4)
FNDA:2,(anonymous_5)
DA:19,3
DA:20,2
DA:21,2
DA:22,2
DA:23,2
DA:24,2
DA:28,3
DA:31,2
DA:33,2
DA:40,3
LF:10
LH:10
BRF:0
BRH:0
end_of_record
TN:
SF:/Users/adam.aho/personal/kingsbury/src/components/collapse/Collapse.tsx
FN:68,(anonymous_0)
FN:72,(anonymous_1)
FN:78,(anonymous_2)
FN:92,onHeaderClick
FN:105,(anonymous_4)
FNF:5
FNH:5
FNDA:36,(anonymous_0)
FNDA:36,(anonymous_1)
FNDA:49,(anonymous_2)
FNDA:6,onHeaderClick
FNDA:23,(anonymous_4)
DA:63,3
DA:68,36
DA:72,36
DA:78,3
DA:90,49
DA:93,6
DA:94,1
DA:96,1
DA:97,1
DA:100,5
DA:101,5
DA:105,49
DA:106,23
DA:109,49
DA:141,3
LF:15
LH:15
BRDA:68,0,0,36
BRDA:68,0,1,0
BRDA:72,1,0,36
BRDA:72,1,1,36
BRDA:93,2,0,1
BRDA:93,2,1,5
BRDA:96,3,0,1
BRDA:96,3,1,0
BRDA:100,4,0,5
BRDA:100,4,1,0
BRDA:127,5,0,14
BRDA:127,5,1,35
BRF:12
BRH:9
end_of_record
TN:
SF:/Users/adam.aho/personal/kingsbury/src/components/collapse/Content.tsx
FN:21,(anonymous_0)
FN:47,(anonymous_1)
FN:49,(anonymous_2)
FN:52,(anonymous_3)
FN:57,(anonymous_4)
FN:62,(anonymous_5)
FNF:6
FNH:6
FNDA:36,(anonymous_0)
FNDA:36,(anonymous_1)
FNDA:36,(anonymous_2)
FNDA:36,(anonymous_3)
FNDA:36,(anonymous_4)
FNDA:36,(anonymous_5)
DA:21,3
DA:22,36
DA:33,36
DA:46,3
DA:47,36
DA:49,36
DA:52,36
DA:57,36
DA:62,3
DA:65,36
DA:67,36
LF:11
LH:11
BRDA:52,0,0,36
BRDA:52,0,1,36
BRDA:57,1,0,36
BRDA:57,1,1,0
BRF:4
BRH:3
end_of_record
TN:
SF:/Users/adam.aho/personal/kingsbury/src/components/collapse/Header.tsx
FN:37,(anonymous_0)
FN:39,(anonymous_1)
FN:41,(anonymous_2)
FN:47,(anonymous_3)
FN:52,(anonymous_4)
FN:53,(anonymous_5)
FN:58,(anonymous_6)
FNF:7
FNH:7
FNDA:36,(anonymous_0)
FNDA:36,(anonymous_1)
FNDA:36,(anonymous_2)
FNDA:36,(anonymous_3)
FNDA:36,(anonymous_4)
FNDA:36,(anonymous_5)
FNDA:36,(anonymous_6)
DA:33,3
DA:37,36
DA:39,36
DA:41,36
DA:47,36
DA:52,36
DA:53,36
DA:58,3
DA:66,36
LF:9
LH:9
BRDA:39,0,0,36
BRDA:39,0,1,36
BRDA:41,1,0,36
BRDA:41,1,1,9
BRDA:47,2,0,36
BRDA:47,2,1,0
BRF:6
BRH:5
end_of_record
TN:
SF:/Users/adam.aho/personal/kingsbury/src/components/floater/Floater.tsx
FN:54,(anonymous_0)
FN:60,(anonymous_1)
FN:77,(anonymous_2)
FN:82,(anonymous_3)
FN:93,(anonymous_4)
FNF:5
FNH:5
FNDA:6,(anonymous_0)
FNDA:10,(anonymous_1)
FNDA:3,(anonymous_2)
FNDA:4,(anonymous_3)
FNDA:6,(anonymous_4)
DA:53,1
DA:54,6
DA:60,1
DA:71,10
DA:73,10
DA:74,10
DA:77,10
DA:78,3
DA:82,10
DA:83,4
DA:84,2
DA:85,2
DA:90,10
DA:93,10
DA:94,6
DA:95,4
DA:97,2
DA:101,10
DA:103,10
DA:136,1
LF:20
LH:20
BRDA:54,0,0,2
BRDA:54,0,1,4
BRDA:83,1,0,2
BRDA:83,1,1,2
BRDA:83,2,0,4
BRDA:83,2,1,2
BRDA:94,3,0,4
BRDA:94,3,1,2
BRDA:101,4,0,10
BRDA:101,4,1,6
BRDA:105,5,0,10
BRDA:105,5,1,6
BRDA:105,5,2,6
BRDA:118,6,0,0
BRDA:118,6,1,6
BRF:15
BRH:14
end_of_record
TN:
SF:/Users/adam.aho/personal/kingsbury/src/components/input/Input.tsx
FN:75,(anonymous_0)
FN:79,(anonymous_1)
FN:80,(anonymous_2)
FN:82,(anonymous_3)
FN:92,(anonymous_4)
FN:93,(anonymous_5)
FN:95,(anonymous_6)
FN:99,(anonymous_7)
FN:107,(anonymous_8)
FN:115,(anonymous_9)
FN:124,(anonymous_10)
FN:132,(anonymous_11)
FN:133,(anonymous_12)
FN:139,(anonymous_13)
FN:147,(anonymous_14)
FN:167,onChangeHandler
FN:209,(anonymous_16)
FNF:17
FNH:17
FNDA:1,(anonymous_0)
FNDA:13,(anonymous_1)
FNDA:13,(anonymous_2)
FNDA:13,(anonymous_3)
FNDA:13,(anonymous_4)
FNDA:13,(anonymous_5)
FNDA:13,(anonymous_6)
FNDA:13,(anonymous_7)
FNDA:13,(anonymous_8)
FNDA:13,(anonymous_9)
FNDA:13,(anonymous_10)
FNDA:13,(anonymous_11)
FNDA:13,(anonymous_12)
FNDA:13,(anonymous_13)
FNDA:13,(anonymous_14)
FNDA:1,onChangeHandler
FNDA:1,(anonymous_16)
DA:66,3
DA:70,3
DA:74,3
DA:75,1
DA:78,3
DA:79,13
DA:80,13
DA:82,13
DA:92,13
DA:93,13
DA:95,13
DA:99,13
DA:107,13
DA:115,13
DA:124,13
DA:132,13
DA:133,13
DA:139,13
DA:147,3
DA:165,13
DA:168,1
DA:169,1
DA:173,13
DA:204,3
DA:209,1
LF:25
LH:25
BRDA:82,0,0,13
BRDA:82,0,1,1
BRDA:95,1,0,13
BRDA:95,1,1,1
BRDA:99,2,0,13
BRDA:99,2,1,12
BRDA:104,3,0,1
BRDA:104,3,1,11
BRDA:107,4,0,13
BRDA:107,4,1,1
BRDA:112,5,0,0
BRDA:112,5,1,1
BRDA:115,6,0,13
BRDA:115,6,1,0
BRDA:118,7,0,0
BRDA:118,7,1,0
BRDA:133,8,0,13
BRDA:133,8,1,1
BRDA:139,9,0,13
BRDA:139,9,1,0
BRDA:168,10,0,1
BRDA:168,10,1,0
BRDA:176,11,0,13
BRDA:176,11,1,1
BRDA:195,12,0,13
BRDA:195,12,1,1
BRDA:195,12,2,1
BRF:27
BRH:21
end_of_record
TN:
SF:/Users/adam.aho/personal/kingsbury/src/components/portal/Portal.tsx
FN:15,(anonymous_0)
FN:24,(anonymous_1)
FNF:2
FNH:2
FNDA:15,(anonymous_0)
FNDA:6,(anonymous_1)
DA:15,3
DA:20,15
DA:22,15
DA:24,15
DA:25,6
DA:26,5
DA:30,15
DA:31,1
DA:32,1
DA:36,14
DA:39,3
LF:11
LH:11
BRDA:25,0,0,5
BRDA:25,0,1,1
BRDA:26,1,0,5
BRDA:26,1,1,4
BRDA:30,2,0,1
BRDA:30,2,1,14
BRDA:36,3,0,9
BRDA:36,3,1,5
BRF:8
BRH:8
end_of_record
TN:
SF:/Users/adam.aho/personal/kingsbury/src/components/typeography/Text.tsx
FN:20,(anonymous_0)
FN:23,(anonymous_1)
FNF:2
FNH:2
FNDA:3,(anonymous_0)
FNDA:3,(anonymous_1)
DA:19,3
DA:20,3
DA:23,3
DA:26,3
DA:28,3
DA:35,3
LF:6
LH:6
BRDA:20,0,0,3
BRDA:20,0,1,0
BRF:2
BRH:1
end_of_record
TN:
SF:/Users/adam.aho/personal/kingsbury/src/components/utils/getRelativePosition.ts
FN:15,(anonymous_0)
FN:27,(anonymous_1)
FN:39,(anonymous_2)
FN:54,(anonymous_3)
FN:69,(anonymous_4)
FNF:5
FNH:5
FNDA:4,(anonymous_0)
FNDA:2,(anonymous_1)
FNDA:2,(anonymous_2)
FNDA:2,(anonymous_3)
FNDA:10,(anonymous_4)
DA:15,2
DA:19,4
DA:21,4
DA:27,2
DA:31,2
DA:33,2
DA:39,2
DA:44,2
DA:46,2
DA:48,2
DA:54,2
DA:59,2
DA:61,2
DA:63,2
DA:69,2
DA:71,10
DA:78,10
DA:80,2
DA:82,2
DA:83,1
DA:86,1
DA:89,2
DA:91,2
DA:92,1
DA:95,1
DA:98,4
DA:100,4
DA:101,1
DA:104,3
DA:107,2
DA:109,2
DA:110,1
DA:113,1
LF:33
LH:33
BRDA:78,0,0,2
BRDA:78,0,1,2
BRDA:78,0,2,4
BRDA:78,0,3,2
BRDA:82,1,0,1
BRDA:82,1,1,1
BRDA:91,2,0,1
BRDA:91,2,1,1
BRDA:100,3,0,1
BRDA:100,3,1,3
BRDA:109,4,0,1
BRDA:109,4,1,1
BRF:12
BRH:12
end_of_record
TN:
SF:/Users/adam.aho/personal/kingsbury/src/hooks/index.ts
FNF:0
FNH:0
LF:0
LH:0
BRF:0
BRH:0
end_of_record
TN:
SF:/Users/adam.aho/personal/kingsbury/src/hooks/useAfterMountEffect.ts
FN:7,(anonymous_0)
FN:10,(anonymous_1)
FNF:2
FNH:2
FNDA:58,(anonymous_0)
FNDA:45,(anonymous_1)
DA:7,3
DA:8,58
DA:10,58
DA:11,45
DA:12,28
DA:14,17
LF:6
LH:6
BRDA:11,0,0,28
BRDA:11,0,1,17
BRF:2
BRH:2
end_of_record
TN:
SF:/Users/adam.aho/personal/kingsbury/src/hooks/useResizeEffect.ts
FN:12,(anonymous_0)
FN:13,getWindowSize
FN:21,(anonymous_2)
FN:22,(anonymous_3)
FN:34,(anonymous_4)
FNF:5
FNH:5
FNDA:13,(anonymous_0)
FNDA:14,getWindowSize
FNDA:4,(anonymous_2)
FNDA:1,(anonymous_3)
FNDA:2,(anonymous_4)
DA:12,2
DA:14,14
DA:19,13
DA:21,13
DA:22,4
DA:23,1
DA:32,4
DA:34,4
DA:35,2
DA:39,13
LF:10
LH:10
BRF:0
BRH:0
end_of_record
TN:
SF:/Users/adam.aho/personal/kingsbury/src/theme/colors.ts
FNF:0
FNH:0
LF:0
LH:0
BRF:0
BRH:0
end_of_record
TN:
SF:/Users/adam.aho/personal/kingsbury/src/theme/index.ts
FNF:0
FNH:0
DA:3,7
LF:1
LH:1
BRF:0
BRH:0
end_of_record
